<?xml version="1.0" encoding="UTF-8"?>
<!-- Generated by org.testng.reporters.JUnitReportReporter -->
<testsuite ignored="0" hostname="MacBook-Pro-de-Maribel.local" failures="0" tests="1" name="loginTests.TC_004" time="15.335" errors="0" timestamp="25 sep. 2021 13:05:25 GMT" skipped="0">
  <testcase classname="loginTests.TC_004" name="TC_004_Search" time="15.335"/>
</testsuite> <!-- loginTests.TC_004 -->
