<?xml version="1.0" encoding="UTF-8"?>
<!-- Generated by org.testng.reporters.JUnitReportReporter -->
<testsuite ignored="0" hostname="MacBook-Pro-de-Maribel.local" failures="0" tests="1" name="loginTests.TC_002" time="1.355" errors="0" timestamp="18 sep. 2021 16:06:24 GMT" skipped="0">
  <testcase classname="loginTests.TC_002" name="TC_002_IncorrectLogin" time="1.355"/>
</testsuite> <!-- loginTests.TC_002 -->
