<?xml version="1.0" encoding="UTF-8"?>
<!-- Generated by org.testng.reporters.JUnitReportReporter -->
<testsuite ignored="0" hostname="MacBook-Pro-de-Maribel.local" failures="0" tests="1" name="NewTest" time="4.759" errors="0" timestamp="21 ago. 2021 15:45:34 GMT" skipped="0">
  <testcase classname="NewTest" name="f" time="4.759"/>
</testsuite> <!-- NewTest -->
