<?xml version="1.0" encoding="UTF-8"?>
<!-- Generated by org.testng.reporters.JUnitReportReporter -->
<testsuite ignored="0" hostname="MacBook-Pro-de-Maribel.local" failures="0" tests="1" name="AssertionsExample.HardAssetExample" time="4.063" errors="0" timestamp="11 sep. 2021 16:33:19 GMT" skipped="0">
  <testcase classname="AssertionsExample.HardAssetExample" name="TC_VerifyPageTitle" time="4.063"/>
</testsuite> <!-- AssertionsExample.HardAssetExample -->
