<?xml version="1.0" encoding="UTF-8"?>
<!-- Generated by org.testng.reporters.JUnitReportReporter -->
<testsuite ignored="0" hostname="MacBook-Pro-de-Maribel.local" failures="0" tests="1" name="loginTests.TC_001" time="2.855" errors="0" timestamp="18 sep. 2021 16:40:27 GMT" skipped="0">
  <testcase classname="loginTests.TC_001" name="TC_01_CorrectLogin" time="2.855"/>
</testsuite> <!-- loginTests.TC_001 -->
