<?xml version="1.0" encoding="UTF-8"?>
<!-- Generated by org.testng.reporters.JUnitReportReporter -->
<testsuite hostname="MacBook-Pro-de-Maribel.local" failures="0" tests="1" name="loginTests.TC_006" time="3.829" errors="0" timestamp="2021-09-25T10:00:10 CDT" skipped="0">
  <testcase classname="loginTests.TC_006" name="TC_006_ReadExcelFiles" time="3.829"/>
  <system-out/>
</testsuite> <!-- loginTests.TC_006 -->
