<?xml version="1.0" encoding="UTF-8"?>
<!-- Generated by org.testng.reporters.JUnitReportReporter -->
<testsuite hostname="MacBook-Pro-de-Maribel.local" failures="0" tests="1" name="loginTests.TC_005" time="2.533" errors="0" timestamp="2021-09-25T08:49:49 CDT" skipped="0">
  <testcase classname="loginTests.TC_005" name="TC_005_ReadJson" time="2.533"/>
  <system-out/>
</testsuite> <!-- loginTests.TC_005 -->
