<?xml version="1.0" encoding="UTF-8"?>
<!-- Generated by org.testng.reporters.JUnitReportReporter -->
<testsuite ignored="0" hostname="MacBook-Pro-de-Maribel.local" failures="0" tests="1" name="AssertionsExample.VerifyUser" time="16.760" errors="0" timestamp="17 sep. 2021 17:56:34 GMT" skipped="0">
  <testcase classname="AssertionsExample.VerifyUser" name="validateUserInfo" time="16.760"/>
</testsuite> <!-- AssertionsExample.VerifyUser -->
