<?xml version="1.0" encoding="UTF-8"?>
<!-- Generated by org.testng.reporters.JUnitReportReporter -->
<testsuite ignored="0" hostname="MacBook-Pro-de-Maribel.local" failures="0" tests="1" name="NewTest" time="4.019" errors="0" timestamp="25 sep. 2021 13:04:40 GMT" skipped="0">
  <testcase classname="NewTest" name="f" time="4.019"/>
</testsuite> <!-- NewTest -->
